19-08-14 06:48:47 16         DEBUG                          No trans-unit element with the id "forms.sections.connectionSection.label" was found in Neos.Form:Main. Either this translation has been removed or the id in the code or template referring to the translation is wrong.
19-08-14 06:48:47 16         DEBUG                          No trans-unit element with the id "forms.elements.imageLibrariesInfo.text" was found in Neos.Form:Main. Either this translation has been removed or the id in the code or template referring to the translation is wrong.
19-08-14 06:48:47 16         DEBUG                          No trans-unit element with the id "forms.elements.gd.text" was found in Neos.Form:Main. Either this translation has been removed or the id in the code or template referring to the translation is wrong.
19-08-14 06:48:47 16         DEBUG                          No trans-unit element with the id "forms.elements.gmagick.text" was found in Neos.Form:Main. Either this translation has been removed or the id in the code or template referring to the translation is wrong.
19-08-14 06:48:47 16         DEBUG                          No trans-unit element with the id "forms.elements.imagick.text" was found in Neos.Form:Main. Either this translation has been removed or the id in the code or template referring to the translation is wrong.
19-08-14 06:48:47 16         DEBUG                          No trans-unit element with the id "forms.elements.configuredImageLibrary.text" was found in Neos.Form:Main. Either this translation has been removed or the id in the code or template referring to the translation is wrong.
19-08-14 06:50:03 16         DEBUG                          No trans-unit element with the id "forms.elements.introduction.text" was found in Neos.Form:Main. Either this translation has been removed or the id in the code or template referring to the translation is wrong.
19-08-14 06:50:03 16         DEBUG                          No trans-unit element with the id "forms.sections.connectionSection.label" was found in Neos.Form:Main. Either this translation has been removed or the id in the code or template referring to the translation is wrong.
19-08-14 06:50:03 16         DEBUG                          No trans-unit element with the id "forms.elements.user.placeholder" was found in Neos.Form:Main. Either this translation has been removed or the id in the code or template referring to the translation is wrong.
19-08-14 06:50:03 16         DEBUG                          No trans-unit element with the id "forms.elements.host.placeholder" was found in Neos.Form:Main. Either this translation has been removed or the id in the code or template referring to the translation is wrong.
19-08-14 06:50:03 16         DEBUG                          No trans-unit element with the id "forms.sections.databaseSection.label" was found in Neos.Form:Main. Either this translation has been removed or the id in the code or template referring to the translation is wrong.
19-08-14 06:53:44 24         DEBUG                          No trans-unit element with the id "forms.elements.introduction.text" was found in Neos.Form:Main. Either this translation has been removed or the id in the code or template referring to the translation is wrong.
19-08-14 06:53:44 24         DEBUG                          No trans-unit element with the id "forms.sections.personalSection.label" was found in Neos.Form:Main. Either this translation has been removed or the id in the code or template referring to the translation is wrong.
19-08-14 06:53:44 24         DEBUG                          No trans-unit element with the id "forms.elements.firstName.placeholder" was found in Neos.Form:Main. Either this translation has been removed or the id in the code or template referring to the translation is wrong.
19-08-14 06:53:44 24         DEBUG                          No trans-unit element with the id "forms.elements.lastName.placeholder" was found in Neos.Form:Main. Either this translation has been removed or the id in the code or template referring to the translation is wrong.
19-08-14 06:53:44 24         DEBUG                          No trans-unit element with the id "forms.sections.credentialsSection.label" was found in Neos.Form:Main. Either this translation has been removed or the id in the code or template referring to the translation is wrong.
19-08-14 06:53:44 24         DEBUG                          No trans-unit element with the id "forms.elements.username.placeholder" was found in Neos.Form:Main. Either this translation has been removed or the id in the code or template referring to the translation is wrong.
19-08-14 07:09:38 14         DEBUG                          No trans-unit element with the id "forms.elements.introduction.text" was found in Neos.Form:Main. Either this translation has been removed or the id in the code or template referring to the translation is wrong.
19-08-14 07:09:38 14         DEBUG                          No trans-unit element with the id "forms.sections.personalSection.label" was found in Neos.Form:Main. Either this translation has been removed or the id in the code or template referring to the translation is wrong.
19-08-14 07:09:38 14         DEBUG                          No trans-unit element with the id "forms.elements.firstName.placeholder" was found in Neos.Form:Main. Either this translation has been removed or the id in the code or template referring to the translation is wrong.
19-08-14 07:09:38 14         DEBUG                          No trans-unit element with the id "forms.elements.lastName.placeholder" was found in Neos.Form:Main. Either this translation has been removed or the id in the code or template referring to the translation is wrong.
19-08-14 07:09:38 14         DEBUG                          No trans-unit element with the id "forms.sections.credentialsSection.label" was found in Neos.Form:Main. Either this translation has been removed or the id in the code or template referring to the translation is wrong.
19-08-14 07:09:38 14         DEBUG                          No trans-unit element with the id "forms.elements.username.placeholder" was found in Neos.Form:Main. Either this translation has been removed or the id in the code or template referring to the translation is wrong.
19-08-14 07:09:38 14         DEBUG                          No trans-unit element with the id "1334768052" was found in Neos.Flow:ValidationErrors. Either this translation has been removed or the id in the code or template referring to the translation is wrong.
19-08-14 07:34:25 16         DEBUG                          No trans-unit element with the id "forms.elements.introduction.text" was found in Neos.Form:Main. Either this translation has been removed or the id in the code or template referring to the translation is wrong.
19-08-14 07:34:25 16         DEBUG                          No trans-unit element with the id "forms.sections.import.label" was found in Neos.Form:Main. Either this translation has been removed or the id in the code or template referring to the translation is wrong.
19-08-14 07:34:25 16         DEBUG                          No trans-unit element with the id "forms.sections.newPackageSection.label" was found in Neos.Form:Main. Either this translation has been removed or the id in the code or template referring to the translation is wrong.
19-08-14 07:34:25 16         DEBUG                          No trans-unit element with the id "forms.elements.packageKey.placeholder" was found in Neos.Form:Main. Either this translation has been removed or the id in the code or template referring to the translation is wrong.
19-08-14 07:34:25 16         DEBUG                          No trans-unit element with the id "forms.elements.siteName.placeholder" was found in Neos.Form:Main. Either this translation has been removed or the id in the code or template referring to the translation is wrong.
19-08-14 07:34:25 16         DEBUG                          No trans-unit element with the id "forms.elements.sitePackageExplanation.text" was found in Neos.Form:Main. Either this translation has been removed or the id in the code or template referring to the translation is wrong.
19-08-14 07:34:25 16         DEBUG                          No trans-unit element with the id "forms.elements.sitePackageAlreadyAvailableExplanation.text" was found in Neos.Form:Main. Either this translation has been removed or the id in the code or template referring to the translation is wrong.
19-08-14 07:35:37 15         DEBUG                          No trans-unit element with the id "forms.sections.congratulationsSection.label" was found in Neos.Form:Main. Either this translation has been removed or the id in the code or template referring to the translation is wrong.
19-08-14 07:35:37 15         DEBUG                          No trans-unit element with the id "forms.elements.success.text" was found in Neos.Form:Main. Either this translation has been removed or the id in the code or template referring to the translation is wrong.
19-08-14 07:35:37 15         DEBUG                          No trans-unit element with the id "forms.sections.contextSection.label" was found in Neos.Form:Main. Either this translation has been removed or the id in the code or template referring to the translation is wrong.
19-08-14 07:35:37 15         DEBUG                          No trans-unit element with the id "forms.elements.contextInfo.text" was found in Neos.Form:Main. Either this translation has been removed or the id in the code or template referring to the translation is wrong.
19-08-14 07:35:37 15         DEBUG                          No trans-unit element with the id "forms.sections.frontendSection.label" was found in Neos.Form:Main. Either this translation has been removed or the id in the code or template referring to the translation is wrong.
19-08-14 07:35:37 15         DEBUG                          No trans-unit element with the id "forms.sections.backendSection.label" was found in Neos.Form:Main. Either this translation has been removed or the id in the code or template referring to the translation is wrong.
19-08-14 07:35:37 15         DEBUG                          No trans-unit element with the id "forms.elements.loggedOut.text" was found in Neos.Form:Main. Either this translation has been removed or the id in the code or template referring to the translation is wrong.
19-08-14 07:46:27 17         DEBUG                          No trans-unit element with the id "login" was found in Neos.Neos:Main. Either this translation has been removed or the id in the code or template referring to the translation is wrong.
19-08-14 07:49:13 228        DEBUG                          No trans-unit element with the id "login" was found in Neos.Neos:Main. Either this translation has been removed or the id in the code or template referring to the translation is wrong.
19-08-14 16:19:47 15         DEBUG                          No trans-unit element with the id "login" was found in Neos.Neos:Main. Either this translation has been removed or the id in the code or template referring to the translation is wrong.
19-08-14 16:27:32 142        DEBUG                          No trans-unit element with the id "packageKey" was found in Neos.Neos:Modules. Either this translation has been removed or the id in the code or template referring to the translation is wrong.
19-08-14 16:27:32 142        DEBUG                          No trans-unit element with the id "sites.validPackageKeyInfo" was found in Neos.Neos:Main. Either this translation has been removed or the id in the code or template referring to the translation is wrong.
19-08-14 16:27:53 143        DEBUG                          No trans-unit element with the id "flashMessage.1412372375" was found in Neos.Neos:Main. Either this translation has been removed or the id in the code or template referring to the translation is wrong.
19-08-14 16:28:06 128        DEBUG                          No trans-unit element with the id "packageKey" was found in Neos.Neos:Modules. Either this translation has been removed or the id in the code or template referring to the translation is wrong.
19-08-14 16:28:06 128        DEBUG                          No trans-unit element with the id "sites.validPackageKeyInfo" was found in Neos.Neos:Main. Either this translation has been removed or the id in the code or template referring to the translation is wrong.
19-08-14 16:28:38 14         DEBUG                          No trans-unit element with the id "flashMessage.1412372266" was found in Neos.Neos:Main. Either this translation has been removed or the id in the code or template referring to the translation is wrong.
19-08-14 16:28:51 16         DEBUG                          No trans-unit element with the id "domain.add" was found in Neos.Neos:Modules. Either this translation has been removed or the id in the code or template referring to the translation is wrong.
19-08-14 16:30:54 142        DEBUG                          No trans-unit element with the id "domainform.portPlaceholder" was found in Neos.Neos:Main. Either this translation has been removed or the id in the code or template referring to the translation is wrong.
19-08-14 16:31:19 121        DEBUG                          No trans-unit element with the id "flashMessage.1412373192" was found in Neos.Neos:Main. Either this translation has been removed or the id in the code or template referring to the translation is wrong.
19-08-14 16:31:19 121        DEBUG                          No trans-unit element with the id "deleteConfirm" was found in Neos.Neos:Modules. Either this translation has been removed or the id in the code or template referring to the translation is wrong.
19-08-14 16:31:19 121        DEBUG                          No trans-unit element with the id "deleteConfirm" was found in Neos.Neos:Modules. Either this translation has been removed or the id in the code or template referring to the translation is wrong.
19-08-14 16:31:19 121        DEBUG                          No trans-unit element with the id "domain.add" was found in Neos.Neos:Modules. Either this translation has been removed or the id in the code or template referring to the translation is wrong.
19-08-14 16:32:29 142        DEBUG                          No trans-unit element with the id "deleteConfirm" was found in Neos.Neos:Modules. Either this translation has been removed or the id in the code or template referring to the translation is wrong.
19-08-14 16:32:29 142        DEBUG                          No trans-unit element with the id "deleteConfirm" was found in Neos.Neos:Modules. Either this translation has been removed or the id in the code or template referring to the translation is wrong.
19-08-14 16:32:29 142        DEBUG                          No trans-unit element with the id "domain.add" was found in Neos.Neos:Modules. Either this translation has been removed or the id in the code or template referring to the translation is wrong.
19-08-14 16:32:45 121        DEBUG                          No trans-unit element with the id "flashMessage.1412373310" was found in Neos.Neos:Main. Either this translation has been removed or the id in the code or template referring to the translation is wrong.
19-08-14 16:32:45 121        DEBUG                          No trans-unit element with the id "domain.add" was found in Neos.Neos:Modules. Either this translation has been removed or the id in the code or template referring to the translation is wrong.
19-08-14 18:09:38 17         DEBUG                          No trans-unit element with the id "domain.add" was found in Neos.Neos:Modules. Either this translation has been removed or the id in the code or template referring to the translation is wrong.
19-08-14 18:10:04 17         DEBUG                          No trans-unit element with the id "flashMessage.1412372689" was found in Neos.Neos:Main. Either this translation has been removed or the id in the code or template referring to the translation is wrong.
19-08-14 18:10:22 128        DEBUG                          No trans-unit element with the id "packageKey" was found in Neos.Neos:Modules. Either this translation has been removed or the id in the code or template referring to the translation is wrong.
19-08-14 18:10:22 128        DEBUG                          No trans-unit element with the id "sites.validPackageKeyInfo" was found in Neos.Neos:Main. Either this translation has been removed or the id in the code or template referring to the translation is wrong.
19-08-14 18:10:42 141        DEBUG                          No trans-unit element with the id "flashMessage.1412372266" was found in Neos.Neos:Main. Either this translation has been removed or the id in the code or template referring to the translation is wrong.
19-08-14 18:23:13 121        DEBUG                          No trans-unit element with the id "packageKey" was found in Neos.Neos:Modules. Either this translation has been removed or the id in the code or template referring to the translation is wrong.
19-08-14 18:23:13 121        DEBUG                          No trans-unit element with the id "sites.validPackageKeyInfo" was found in Neos.Neos:Main. Either this translation has been removed or the id in the code or template referring to the translation is wrong.
19-08-14 18:29:47 15         DEBUG                          No trans-unit element with the id "packageKey" was found in Neos.Neos:Modules. Either this translation has been removed or the id in the code or template referring to the translation is wrong.
19-08-14 18:29:47 15         DEBUG                          No trans-unit element with the id "sites.validPackageKeyInfo" was found in Neos.Neos:Main. Either this translation has been removed or the id in the code or template referring to the translation is wrong.
19-08-14 19:17:13 17         DEBUG                          No trans-unit element with the id "packageKey" was found in Neos.Neos:Modules. Either this translation has been removed or the id in the code or template referring to the translation is wrong.
19-08-14 19:17:13 17         DEBUG                          No trans-unit element with the id "sites.validPackageKeyInfo" was found in Neos.Neos:Main. Either this translation has been removed or the id in the code or template referring to the translation is wrong.
19-08-14 19:18:07 142        DEBUG                          No trans-unit element with the id "flashMessage.1412372266" was found in Neos.Neos:Main. Either this translation has been removed or the id in the code or template referring to the translation is wrong.
19-08-14 19:19:30 141        DEBUG                          No trans-unit element with the id "flashMessage.1412372689" was found in Neos.Neos:Main. Either this translation has been removed or the id in the code or template referring to the translation is wrong.
19-08-14 19:19:45 142        DEBUG                          No trans-unit element with the id "domain.add" was found in Neos.Neos:Modules. Either this translation has been removed or the id in the code or template referring to the translation is wrong.
19-08-14 19:20:25 16         DEBUG                          No trans-unit element with the id "flashMessage.1412371798" was found in Neos.Neos:Main. Either this translation has been removed or the id in the code or template referring to the translation is wrong.
